<?xml version="1.0" encoding="UTF-8"?>
<testsuite name="cyvra.mobile.host.evidence.AdbGenericEvidenceProviderTest" tests="2" skipped="0" failures="0" errors="0" timestamp="2026-09-14T15:22:02.015Z" hostname="cursor" time="0.042">
  <properties/>
  <testcase name="collectsCompleteDeviceEvidenceWithoutCrashing()" classname="cyvra.mobile.host.evidence.AdbGenericEvidenceProviderTest" time="0.041"/>
  <testcase name="handlesCollectorFailuresGracefully()" classname="cyvra.mobile.host.evidence.AdbGenericEvidenceProviderTest" time="0.001"/>
  <system-out><![CDATA[]]></system-out>
  <system-err><![CDATA[]]></system-err>
</testsuite>
